<?xml version="1.0" encoding="UTF-8"?>
<!-- Generated by org.testng.reporters.JUnitReportReporter -->
<testsuite skipped="0" hostname="HP" name="pagefacory.fastest.Seatgenlogintest" tests="1" failures="0" timestamp="2020-05-20T13:54:59 IST" time="41.697" errors="0">
  <testcase name="newgen" time="41.697" classname="pagefacory.fastest.Seatgenlogintest"/>
</testsuite> <!-- pagefacory.fastest.Seatgenlogintest -->
